1
1
3
7
8
19
20
20
27
30
44
50
51
51
55
60
63
67
71
74
82
86
87
87
90
92
95
103
103
105
108
109
111
112
119
119
119
124
124
127
131
146
153
153
164
167
167
172
177
181
184
186
186
194
199
200
201
208
211
213
220
227
237
238
239
239
244
247
255
258
260
260
260
262
263
265
269
272
275
282
295
297
302
310
314
316
318
320
321
322
323
325
333
340
341
342
342
343
348
355
355
358
359
361
373
374
376
378
386
390
393
399
407
413
421
422
424
427
431
434
436
439
444
447
451
456
457
459
459
462
475
480
491
497
498
498
502
502
509
515
517
520
527
528
531
537
548
549
553
554
557
558
562
565
571
572
573
575
575
576
584
586
587
587
590
598
602
603
604
606
607
614
619
619
623
627
630
640
642
642
652
654
655
658
661
671
680
681
681
683
693
695
702
702
709
710
713
717
726
728
728
730
730
733
738
738
739
740
741
741
744
744
745
750
750
762
763
764
771
772
775
775
777
779
783
788
788
789
792
799
799
802
802
806
808
811
811
814
823
827
830
832
833
845
849
851
855
864
868
868
868
868
869
869
878
890
891
892
893
897
897
898
899
905
905
905
906
909
910
911
914
915
917
920
927
931
935
935
935
939
941
944
944
946
948
948
948
951
952
956
958
959
960
962
965
967
978
978
990
1004
1005
1006
1006
1008
1008
1011
1011
1012
1014
1019
1020
1023
1024
1026
1031
1034
1041
1044
1045
1045
1050
1055
1055
1056
1062
1070
1071
1071
1075
1075
1076
1081
1082
1085
1091
1092
1096
1098
1103
1107
1111
1111
1116
1117
1119
1122
1129
1135
1136
1138
1141
1142
1143
1151
1153
1159
1164
1168
1170
1173
1174
1174
1181
1183
1184
1189
1190
1192
1194
1196
1196
1197
1198
1202
1207
1208
1209
1210
1219
1220
1220
1220
1222
1222
1232
1233
1234
1242
1248
1250
1254
1254
1256
1262
1262
1263
1274
1276
1278
1280
1291
1298
1302
1307
1309
1314
1327
1335
1338
1341
1346
1347
1352
1353
1355
1356
1360
1363
1372
1377
1383
1395
1401
1408
1421
1425
1434
1435
1437
1439
1441
1445
1446
1448
1449
1452
1454
1458
1463
1465
1466
1467
1476
1478
1478
1482
1485
1487
1498
1499
1505
1521
1522
1523
1529
1529
1535
1535
1536
1536
1537
1540
1542
1548
1551
1552
1557
1559
1563
1564
1569
1570
1579
1582
1583
1586
1587
1590
1590
1593
1599
1604
1604
1615
1617
1619
1628
1629
1631
1634
1643
1645
1647
1647
1647
1649
1649
1650
1650
1653
1654
1656
1661
1664
1665
1671
1671
1672
1674
1675
1677
1679
1680
1683
1684
1689
1696
1700
1701
1703
1705
1708
1716
1728
1728
1730
1730
1732
1736
1739
1740
1742
1746
1750
1751
1760
1764
1764
1769
1779
1779
1782
1784
1786
1797
1798
1799
1800
1807
1819
1819
1819
1822
1827
1827
1830
1834
1840
1840
1841
1841
1849
1855
1855
1858
1862
1862
1865
1866
1866
1867
1871
1873
1875
1879
1880
1888
1894
1898
1901
1902
1909
1911
1922
1923
1923
1926
1932
1932
1934
1938
1940
1944
1946
1948
1965
1966
1968
1983
1983
1995
1995
1998
2005
2005
2006
2009
2014
2016
2022
2026
2027
2033
2033
2035
2039
2053
2054
2060
2061
2061
2064
2067
2080
2089
2090
2095
2098
2100
2108
2108
2112
2114
2114
2115
2115
2128
2130
2132
2133
2136
2140
2145
2147
2150
2153
2157
2158
2159
2161
2163
2169
2175
2178
2179
2183
2183
2185
2187
2189
2193
2195
2197
2198
2199
2199
2199
2199
2201
2202
2203
2205
2206
2207
2220
2223
2230
2230
2232
2234
2237
2240
2242
2246
2247
2250
2252
2253
2257
2259
2263
2269
2272
2273
2274
2275
2283
2285
2286
2297
2297
2301
2301
2302
2303
2305
2314
2316
2317
2318
2324
2326
2330
2334
2344
2351
2351
2352
2355
2358
2360
2365
2367
2374
2383
2388
2391
2393
2395
2401
2410
2414
2416
2427
2438
2443
2447
2447
2448
2452
2455
2459
2459
2464
2469
2474
2475
2480
2480
2481
2485
2488
2490
2491
2495
2498
2499
2500
2513
2513
2515
2519
2524
2524
2526
2528
2533
2537
2538
2547
2550
2552
2552
2556
2559
2561
2564
2565
2568
2571
2582
2583
2584
2585
2589
2590
2595
2597
2602
2602
2604
2604
2605
2609
2610
2611
2612
2613
2613
2622
2627
2632
2633
2634
2635
2639
2641
2646
2647
2649
2653
2654
2655
2656
2656
2659
2662
2663
2668
2671
2675
2677
2684
2687
2688
2695
2697
2701
2704
2705
2708
2709
2710
2712
2714
2717
2718
2722
2729
2731
2732
2735
2740
2740
2741
2743
2751
2753
2754
2756
2757
2758
2766
2774
2788
2790
2791
2800
2805
2806
2811
2811
2815
2816
2822
2829
2836
2840
2846
2847
2854
2858
2860
2864
2864
2865
2866
2866
2868
2870
2871
2876
2877
2878
2879
2881
2890
2891
2898
2898
2901
2908
2908
2917
2918
2920
2921
2932
2933
2934
2935
2936
2938
2953
2954
2960
2966
2972
2973
2974
2975
2980
2980
2982
2984
2991
2992
2997
2999
3008
3011
3016
3019
3028
3029
3032
3037
3038
3041
3042
3044
3044
3052
3054
3061
3065
3067
3067
3068
3075
3098
3100
3101
3103
3111
3116
3135
3135
3136
3137
3140
3143
3146
3149
3151
3151
3152
3157
3169
3170
3173
3180
3180
3181
3189
3198
3201
3202
3207
3208
3208
3210
3220
3230
3234
3234
3244
3248
3248
3255
3259
3260
3264
3267
3268
3271
3273
3274
3280
3280
3285
3288
3289
3293
3294
3298
3300
3308
3309
3312
3314
3315
3317
3317
3318
3323
3324
3327
3336
3351
3356
3372
3373
3383
3383
3389
3390
3390
3391
3400
3403
3403
3408
3422
3432
3432
3433
3434
3436
3449
3449
3458
3459
3460
3466
3469
3473
3475
3478
3478
3480
3488
3488
3493
3493
3493
3495
3497
3499
3509
3523
3527
3528
3534
3538
3540
3548
3555
3558
3559
3564
3571
3571
3572
3573
3580
3586
3591
3593
3595
3598
3600
3601
3602
3609
3615
3615
3615
3619
3626
3635
3638
3641
3644
3645
3646
3652
3656
3662
3663
3664
3670
3673
3673
3685
3686
3688
3696
3702
3702
3715
3716
3717
3718
3720
3726
3732
3735
3736
3739
3740
3742
3745
3747
3752
3753
3759
3768
3773
3777
3779
3781
3788
3795
3795
3797
3805
3808
3809
3814
3815
3816
3817
3824
3827
3827
3829
3840
3849
3855
3859
3860
3863
3864
3864
3864
3864
3871
3873
3873
3882
3882
3885
3885
3893
3900
3901
3909
3922
3923
3923
3930
3932
3934
3937
3938
3938
3943
3944
3949
3949
3953
3958
3961
3962
3972
3985
3988
3993
3996
3996
3997
3997
3998
4000
4005
4012
4013
4016
4019
4020
4020
4022
4027
4027
4032
4034
4035
4043
4048
4049
4068
4069
4070
4071
4077
4078
4081
4083
4088
4091
4091
4092
4097
4100
4103
4105
4109
4113
4116
4120
4123
4125
4131
4135
4138
4141
4144
4144
4145
4146
4148
4150
4151
4162
4166
4180
4185
4188
4190
4191
4193
4203
4208
4210
4212
4212
4215
4220
4224
4228
4238
4249
4253
4255
4260
4261
4262
4263
4268
4269
4270
4271
4272
4273
4275
4275
4277
4279
4281
4284
4286
4291
4293
4295
4296
4300
4301
4304
4308
4308
4310
4322
4334
4335
4337
4337
4338
4338
4346
4347
4358
4358
4361
4362
4365
4365
4366
4367
4367
4369
4373
4381
4381
4383
4385
4394
4399
4400
4410
4412
4415
4419
4419
4423
4427
4430
4433
4434
4435
4436
4436
4436
4438
4438
4445
4445
4446
4448
4449
4449
4450
4454
4458
4467
4469
4474
4474
4476
4476
4476
4483
4484
4485
4485
4492
4498
4505
4513
4521
4522
4522
4528
4537
4544
4545
4548
4552
4557
4558
4563
4565
4570
4577
4579
4579
4581
4582
4582
4583
4584
4585
4587
4590
4595
4596
4596
4597
4600
4601
4605
4608
4611
4611
4614
4614
4615
4615
4624
4625
4627
4645
4648
4651
4652
4653
4654
4660
4670
4671
4672
4672
4677
4678
4679
4687
4697
4706
4712
4718
4726
4727
4731
4733
4734
4735
4735
4736
4742
4746
4746
4747
4748
4748
4755
4769
4769
4771
4777
4782
4787
4788
4793
4804
4804
4808
4813
4813
4815
4816
4816
4816
4822
4827
4828
4838
4838
4842
4842
4848
4849
4850
4852
4855
4858
4858
4866
4866
4879
4883
4885
4887
4889
4897
4908
4909
4915
4918
4920
4922
4922
4925
4926
4927
4929
4933
4935
4938
4952
4953
4960
4964
4965
4966
4972
4981
4983
4983
4991
4995
4997
5002
5018
5019
5019
5021
5022
5033
5038
5038
5041
5045
5047
5051
5053
5054
5055
5058
5058
5059
5062
5064
5069
5073
5078
5081
5083
5083
5084
5089
5093
5093
5095
5105
5106
5107
5109
5110
5110
5113
5116
5121
5122
5125
5125
5129
5130
5133
5135
5137
5138
5139
5141
5142
5144
5147
5149
5149
5153
5158
5159
5168
5169
5176
5176
5177
5179
5183
5188
5191
5193
5196
5196
5197
5197
5205
5208
5212
5215
5218
5220
5225
5229
5231
5242
5248
5253
5257
5258
5264
5266
5267
5269
5269
5270
5274
5283
5290
5290
5291
5293
5318
5324
5326
5341
5348
5350
5357
5359
5368
5370
5371
5371
5386
5400
5403
5403
5408
5414
5415
5415
5422
5431
5431
5433
5435
5445
5446
5452
5460
5461
5466
5470
5471
5476
5480
5481
5487
5490
5494
5497
5499
5500
5501
5502
5504
5505
5510
5512
5512
5519
5523
5529
5531
5539
5544
5545
5556
5564
5564
5567
5571
5575
5579
5581
5582
5591
5591
5593
5602
5609
5610
5610
5612
5615
5621
5623
5627
5632
5636
5636
5640
5643
5646
5647
5651
5653
5656
5661
5661
5661
5665
5666
5668
5669
5670
5671
5676
5684
5692
5692
5693
5693
5708
5708
5708
5710
5710
5714
5716
5718
5718
5721
5721
5723
5724
5734
5734
5744
5745
5746
5751
5762
5762
5776
5791
5792
5792
5793
5798
5805
5806
5806
5807
5815
5816
5817
5818
5818
5823
5831
5835
5836
5843
5844
5847
5857
5857
5866
5868
5874
5875
5876
5878
5881
5882
5885
5890
5893
5895
5896
5909
5909
5918
5919
5925
5929
5929
5930
5936
5937
5938
5939
5940
5945
5946
5955
5957
5959
5959
5962
5964
5964
5966
5968
5971
5981
5982
5987
5989
5997
5999
6012
6016
6018
6019
6020
6021
6021
6024
6029
6029
6029
6030
6035
6039
6040
6051
6053
6054
6058
6059
6059
6061
6069
6077
6077
6081
6087
6092
6092
6095
6095
6097
6102
6107
6108
6109
6118
6119
6119
6119
6125
6126
6128
6132
6141
6142
6143
6146
6146
6147
6152
6154
6157
6160
6166
6176
6184
6190
6197
6197
6214
6214
6217
6217
6223
6223
6223
6224
6224
6225
6231
6231
6233
6234
6242
6245
6246
6253
6259
6262
6266
6267
6275
6277
6281
6284
6285
6285
6285
6285
6285
6285
6286
6286
6289
6293
6296
6296
6305
6309
6312
6313
6313
6314
6314
6320
6322
6323
6324
6328
6330
6346
6349
6349
6350
6357
6359
6362
6363
6363
6367
6369
6372
6374
6375
6377
6381
6387
6388
6391
6393
6402
6406
6410
6412
6416
6421
6425
6430
6434
6440
6440
6441
6447
6450
6452
6455
6461
6463
6463
6465
6474
6475
6476
6476
6478
6483
6488
6493
6495
6499
6505
6507
6508
6514
6517
6519
6522
6530
6533
6535
6537
6538
6541
6549
6551
6553
6554
6556
6558
6563
6564
6565
6570
6575
6578
6578
6580
6582
6584
6587
6587
6591
6593
6596
6601
6605
6607
6611
6615
6617
6626
6627
6631
6632
6637
6640
6645
6645
6646
6646
6659
6659
6674
6675
6680
6687
6691
6695
6699
6699
6709
6709
6710
6710
6710
6710
6716
6718
6719
6725
6725
6728
6730
6745
6746
6747
6749
6750
6753
6755
6755
6759
6759
6760
6762
6763
6767
6769
6776
6779
6783
6784
6786
6786
6789
6790
6797
6800
6808
6814
6815
6818
6818
6825
6826
6838
6839
6846
6847
6849
6850
6851
6852
6852
6856
6862
6869
6886
6888
6889
6890
6896
6900
6901
6905
6908
6913
6914
6917
6926
6931
6933
6936
6947
6961
6962
6963
6966
6975
6976
6978
6984
6984
6987
6988
6988
6990
6992
7006
7007
7009
7009
7021
7022
7027
7032
7039
7044
7046
7052
7054
7055
7061
7062
7066
7069
7069
7071
7071
7072
7073
7076
7081
7082
7086
7087
7090
7096
7096
7098
7098
7102
7102
7104
7105
7105
7114
7117
7122
7123
7128
7129
7129
7132
7144
7148
7158
7160
7161
7166
7173
7184
7186
7187
7189
7195
7199
7199
7205
7210
7214
7220
7222
7227
7231
7236
7238
7238
7241
7241
7243
7244
7245
7248
7248
7266
7267
7269
7275
7276
7285
7286
7286
7288
7291
7292
7297
7298
7299
7303
7317
7319
7322
7326
7332
7333
7333
7334
7339
7341
7342
7345
7349
7350
7351
7352
7352
7355
7355
7359
7359
7361
7365
7367
7368
7374
7375
7381
7390
7391
7392
7394
7395
7396
7400
7401
7403
7409
7410
7411
7413
7417
7421
7427
7430
7436
7446
7450
7451
7453
7458
7458
7464
7470
7475
7478
7482
7482
7485
7487
7489
7499
7503
7505
7516
7525
7526
7527
7536
7538
7539
7548
7551
7554
7555
7555
7558
7566
7570
7573
7584
7598
7599
7601
7603
7609
7610
7612
7613
7616
7628
7640
7643
7649
7654
7655
7661
7664
7668
7675
7676
7677
7687
7693
7695
7695
7701
7713
7714
7717
7723
7726
7728
7733
7737
7737
7737
7738
7742
7743
7747
7751
7753
7754
7759
7765
7769
7773
7779
7779
7797
7802
7803
7806
7809
7810
7811
7813
7813
7814
7814
7815
7818
7820
7820
7821
7828
7832
7837
7837
7840
7843
7852
7860
7865
7867
7868
7869
7872
7877
7880
7881
7883
7893
7894
7899
7903
7915
7915
7917
7918
7919
7921
7923
7924
7941
7941
7952
7954
7957
7966
7974
7976
7979
7982
7987
7988
7992
7995
7999
8001
8004
8005
8006
8007
8010
8015
8016
8019
8023
8024
8024
8029
8032
8035
8037
8038
8041
8043
8049
8050
8052
8058
8061
8061
8065
8067
8067
8068
8072
8072
8077
8078
8078
8080
8080
8085
8086
8088
8091
8097
8099
8107
8108
8111
8111
8113
8116
8119
8122
8133
8133
8143
8152
8155
8155
8166
8171
8196
8200
8200
8200
8200
8204
8207
8207
8209
8217
8218
8224
8226
8229
8230
8233
8234
8238
8238
8241
8242
8243
8245
8254
8255
8256
8259
8262
8264
8267
8269
8271
8274
8274
8281
8281
8284
8287
8288
8300
8300
8303
8304
8314
8315
8320
8321
8322
8325
8329
8331
8334
8338
8342
8342
8352
8353
8357
8358
8360
8371
8376
8376
8380
8380
8380
8383
8384
8384
8385
8386
8390
8391
8393
8396
8406
8408
8417
8424
8426
8430
8431
8432
8432
8433
8435
8436
8441
8458
8477
8480
8484
8492
8493
8493
8495
8497
8498
8506
8506
8509
8513
8513
8516
8518
8519
8519
8522
8558
8565
8572
8573
8575
8576
8576
8577
8578
8582
8587
8597
8601
8604
8607
8609
8611
8614
8614
8617
8619
8626
8635
8639
8640
8641
8648
8651
8656
8656
8657
8657
8666
8668
8671
8674
8682
8685
8687
8689
8693
8694
8696
8700
8708
8709
8709
8712
8713
8716
8718
8724
8731
8734
8735
8736
8738
8739
8744
8747
8762
8762
8768
8771
8772
8774
8776
8779
8780
8784
8785
8786
8795
8804
8805
8813
8813
8825
8829
8835
8838
8839
8841
8850
8853
8859
8864
8870
8871
8887
8892
8893
8904
8907
8913
8915
8920
8921
8923
8924
8928
8928
8929
8929
8933
8934
8935
8935
8939
8943
8948
8961
8963
8965
8966
8967
8972
8975
8976
8977
8979
8995
8996
9003
9010
9011
9012
9012
9017
9018
9021
9024
9036
9041
9045
9045
9051
9051
9052
9054
9057
9070
9078
9078
9081
9086
9087
9091
9093
9093
9095
9097
9097
9103
9104
9105
9108
9117
9120
9120
9122
9131
9133
9136
9138
9146
9153
9155
9156
9157
9158
9170
9170
9171
9172
9175
9180
9182
9188
9189
9189
9195
9201
9204
9205
9208
9210
9217
9217
9220
9220
9221
9229
9231
9233
9235
9236
9236
9238
9247
9253
9256
9267
9270
9275
9279
9281
9282
9284
9287
9289
9296
9300
9304
9305
9307
9313
9313
9325
9325
9328
9330
9333
9335
9336
9337
9344
9344
9346
9347
9349
9359
9360
9364
9372
9392
9394
9395
9395
9396
9396
9397
9400
9402
9402
9404
9406
9407
9408
9411
9411
9411
9414
9420
9422
9423
9426
9430
9431
9435
9437
9440
9444
9448
9448
9450
9451
9451
9456
9458
9463
9465
9470
9470
9473
9478
9481
9485
9485
9487
9490
9491
9493
9496
9497
9507
9508
9510
9516
9517
9519
9519
9521
9521
9527
9538
9541
9543
9543
9544
9548
9552
9554
9555
9560
9570
9572
9578
9581
9583
9583
9588
9589
9593
9593
9593
9594
9596
9598
9598
9605
9609
9612
9612
9612
9614
9617
9627
9635
9637
9640
9644
9646
9647
9647
9651
9658
9660
9662
9663
9664
9668
9670
9675
9676
9677
9678
9686
9689
9690
9691
9694
9695
9695
9700
9700
9701
9704
9706
9708
9710
9713
9714
9714
9716
9717
9720
9724
9726
9730
9733
9734
9744
9752
9752
9753
9759
9760
9771
9771
9774
9778
9778
9781
9784
9786
9788
9789
9791
9792
9794
9796
9797
9797
9798
9801
9803
9804
9812
9813
9813
9815
9828
9830
9834
9836
9839
9846
9847
9848
9848
9852
9852
9853
9854
9862
9865
9868
9869
9875
9880
9887
9890
9891
9892
9893
9894
9896
9900
9901
9901
9910
9913
9914
9919
9927
9928
9930
9946
9948
9951
9954
9954
9957
9957
9959
9959
9964
9968
9973
9973
9981
9985
9993
9996
9997
9999
10000
10002
10004
10006
10008
10010
10010
10019
10022
10029
10029
10044
10047
10052
10056
10061
10062
10063
10064
10064
10067
10074
10075
10076
10076
10077
10080
10096
10098
10100
10102
10107
10108
10109
10114
10115
10115
10124
10129
10131
10135
10147
10150
10150
10152
10155
10165
10167
10168
10170
10172
10173
10183
10186
10187
10189
10190
10194
10198
10201
10207
10207
10211
10214
10227
10232
10234
10248
10253
10258
10259
10261
10262
10262
10264
10279
10280
10280
10285
10289
10293
10294
10301
10301
10303
10304
10307
10310
10316
10316
10317
10325
10327
10329
10332
10335
10337
10339
10339
10342
10342
10346
10353
10357
10357
10360
10369
10373
10385
10386
10386
10387
10387
10387
10388
10395
10396
10397
10401
10407
10410
10418
10420
10422
10424
10425
10427
10429
10431
10431
10433
10439
10446
10455
10458
10463
10466
10468
10481
10482
10486
10486
10488
10496
10499
10501
10514
10519
10522
10538
10544
10549
10552
10552
10555
10559
10562
10566
10572
10575
10580
10581
10581
10591
10596
10596
10598
10601
10601
10602
10605
10605
10605
10614
10622
10625
10625
10630
10633
10642
10644
10646
10648
10649
10649
10650
10651
10652
10656
10666
10671
10675
10676
10679
10689
10689
10699
10704
10708
10711
10716
10718
10719
10720
10720
10734
10737
10742
10744
10748
10749
10750
10750
10755
10758
10759
10764
10764
10764
10765
10771
10774
10774
10776
10779
10781
10781
10782
10784
10785
10786
10794
10805
10806
10811
10815
10818
10821
10825
10828
10828
10838
10843
10845
10849
10860
10862
10862
10866
10866
10871
10879
10881
10882
10883
10884
10887
10896
10899
10900
10910
10918
10924
10925
10931
10932
10932
10934
10937
10937
10945
10945
10945
10946
10947
10961
10964
10965
10965
10966
10967
10971
10973
10973
10976
10980
10987
10989
11003
11010
11010
11016
11017
11022
11024
11027
11031
11031
11032
11035
11039
11053
11058
11078
11079
11080
11082
11083
11084
11084
11086
11086
11088
11091
11093
11095
11112
11124
11124
11127
11129
11131
11133
11133
11140
11142
11149
11156
11157
11159
11162
11167
11169
11171
11172
11173
11174
11175
11177
11180
11189
11197
11203
11205
11206
11214
11218
11220
11220
11222
11229
11231
11232
11233
11238
11248
11258
11260
11266
11271
11272
11274
11276
11279
11282
11283
11285
11287
11288
11298
11298
11299
11303
11311
11314
11316
11322
11323
11326
11328
11331
11335
11336
11336
11341
11341
11345
11347
11347
11350
11357
11363
11363
11372
11376
11376
11378
11378
11389
11392
11400
11402
11405
11407
11411
11414
11415
11420
11425
11426
11429
11432
11433
11435
11443
11453
11457
11459
11465
11466
11469
11470
11470
11471
11478
11479
11481
11482
11482
11486
11486
11486
11491
11492
11492
11495
11501
11504
11509
11512
11513
11515
11519
11523
11524
11527
11528
11531
11534
11538
11538
11541
11546
11552
11558
11561
11561
11567
11569
11569
11571
11574
11581
11588
11592
11594
11595
11596
11596
11599
11600
11602
11606
11608
11614
11616
11617
11620
11625
11630
11630
11634
11635
11644
11644
11645
11648
11654
11665
11668
11669
11673
11676
11680
11680
11681
11683
11686
11691
11693
11696
11697
11701
11704
11708
11709
11710
11712
11717
11717
11727
11728
11734
11735
11739
11740
11740
11747
11750
11756
11756
11761
11761
11766
11766
11770
11771
11779
11779
11791
11794
11799
11803
11808
11809
11810
11813
11813
11814
11814
11815
11816
11817
11819
11831
11832
11842
11844
11845
11845
11846
11854
11856
11857
11861
11868
11871
11873
11876
11877
11881
11887
11890
11892
11893
11894
11896
11896
11897
11898
11903
11907
11913
11913
11915
11918
11918
11926
11927
11928
11936
11938
11943
11950
11951
11960
11962
11964
11967
11969
11971
11973
11974
11978
11978
11979
11981
11984
11997
12001
12002
12005
12013
12014
12015
12015
12019
12020
12024
12026
12030
12031
12032
12034
12035
12041
12044
12045
12048
12049
12052
12055
12064
12076
12081
12087
12089
12093
12100
12101
12103
12110
12112
12116
12116
12117
12119
12119
12123
12124
12126
12126
12137
12137
12145
12146
12149
12149
12154
12160
12161
12166
12170
12174
12174
12174
12176
12183
12193
12194
12198
12201
12203
12203
12204
12204
12204
12205
12213
12222
12224
12234
12239
12246
12251
12252
12253
12260
12261
12262
12263
12263
12263
12264
12266
12268
12276
12278
12288
12291
12291
12296
12301
12303
12308
12312
12320
12328
12328
12330
12331
12333
12335
12337
12342
12350
12353
12356
12362
12364
12367
12367
12367
12370
12371
12372
12373
12373
12378
12382
12383
12385
12385
12386
12386
12391
12391
12394
12394
12399
12399
12405
12410
12411
12423
12436
12438
12442
12445
12446
12446
12454
12454
12459
12461
12463
12468
12473
12474
12485
12485
12489
12490
12490
12492
12494
12497
12499
12500
12505
12511
12511
12514
12516
12517
12520
12527
12529
12530
12536
12540
12541
12541
12541
12544
12553
12553
12555
12558
12560
12561
12563
12565
12567
12567
12569
12575
12577
12578
12583
12587
12590
12591
12597
12597
12603
12603
12608
12612
12620
12624
12625
12634
12636
12636
12644
12645
12647
12652
12652
12654
12656
12659
12659
12660
12666
12666
12667
12671
12671
12672
12678
12680
12681
12688
12692
12697
12698
12699
12700
12700
12708
12709
12710
12715
12718
12721
12726
12733
12733
12736
12737
12741
12743
12747
12748
12749
12751
12755
12757
12757
12759
12761
12761
12763
12766
12767
12768
12768
12769
12770
12773
12776
12778
12778
12779
12780
12781
12788
12789
12796
12797
12809
12810
12817
12817
12821
12826
12826
12828
12833
12847
12849
12849
12849
12850
12856
12859
12860
12860
12865
12866
12870
12872
12872
12873
12874
12874
12876
12882
12882
12882
12884
12887
12894
12895
12896
12899
12899
12900
12902
12902
12903
12903
12904
12906
12907
12907
12908
12912
12913
12927
12930
12934
12935
12946
12948
12949
12954
12956
12958
12963
12973
12980
12982
12985
12986
12990
12997
12997
13001
13004
13016
13017
13020
13021
13023
13024
13024
13033
13034
13034
13035
13038
13040
13050
13055
13056
13058
13059
13061
13062
13063
13063
13063
13066
13070
13073
13074
13074
13080
13084
13088
13089
13090
13098
13102
13104
13108
13112
13113
13113
13117
13125
13126
13132
13133
13135
13143
13160
13163
13164
13168
13169
13171
13173
13179
13180
13185
13188
13190
13191
13195
13199
13200
13200
13201
13202
13203
13210
13211
13212
13212
13213
13213
13221
13221
13222
13231
13232
13235
13238
13245
13245
13247
13249
13256
13259
13265
13270
13270
13273
13280
13282
13287
13292
13292
13300
13302
13303
13303
13307
13307
13316
13321
13322
13322
13327
13327
13330
13338
13345
13346
13348
13349
13364
13365
13368
13369
13371
13373
13378
13379
13387
13390
13393
13394
13397
13399
13406
13415
13421
13423
13425
13431
13432
13443
13446
13449
13451
13457
13462
13468
13474
13474
13483
13485
13490
13491
13499
13501
13504
13504
13509
13517
13517
13519
13519
13523
13529
13532
13533
13537
13537
13538
13539
13546
13547
13551
13560
13560
13560
13561
13564
13565
13565
13566
13569
13573
13573
13583
13585
13587
13595
13600
13601
13601
13611
13617
13625
13628
13631
13631
13631
13633
13638
13641
13644
13648
13652
13652
13653
13656
13668
13670
13672
13674
13675
13688
13692
13698
13698
13700
13702
13705
13711
13715
13724
13725
13737
13739
13751
13754
13758
13759
13762
13763
13766
13771
13771
13773
13774
13776
13790
13791
13791
13793
13798
13807
13810
13810
13811
13815
13818
13823
13825
13830
13830
13832
13833
13834
13837
13839
13840
13845
13850
13851
13852
13853
13855
13856
13856
13857
13859
13861
13861
13863
13865
13875
13884
13894
13896
13897
13898
13904
13905
13905
13906
13908
13914
13923
13930
13930
13930
13938
13938
13944
13945
13948
13948
13950
13951
13951
13953
13953
13954
13961
13963
13964
13964
13965
13966
13966
13969
13978
13980
13983
13987
13989
13998
13999
14000
14006
14007
14025
14026
14030
14035
14040
14042
14043
14045
14048
14051
14057
14058
14062
14064
14066
14070
14081
14081
14084
14087
14088
14088
14091
14094
14098
14099
14106
14106
14108
14109
14111
14116
14132
14137
14142
14146
14148
14151
14160
14164
14165
14168
14172
14173
14174
14194
14199
14200
14201
14204
14214
14217
14217
14218
14228
14229
14230
14231
14238
14241
14244
14248
14259
14259
14261
14267
14270
14271
14276
14276
14280
14280
14283
14284
14285
14287
14290
14291
14293
14297
14298
14301
14301
14308
14311
14324
14334
14335
14336
14338
14341
14343
14351
14354
14358
14359
14364
14364
14365
14366
14368
14369
14374
14383
14385
14385
14389
14391
14393
14399
14400
14401
14403
14405
14406
14410
14416
14417
14418
14419
14424
14424
14428
14430
14430
14435
14435
14438
14438
14451
14452
14458
14467
14468
14468
14469
14469
14476
14478
14482
14483
14488
14495
14514
14517
14523
14527
14527
14529
14534
14534
14535
14535
14537
14537
14543
14543
14547
14552
14555
14560
14567
14574
14574
14575
14577
14583
14588
14591
14591
14595
14595
14598
14600
14603
14603
14608
14611
14614
14615
14624
14628
14638
14644
14650
14651
14652
14656
14668
14670
14670
14670
14684
14695
14704
14704
14707
14708
14709
14710
14714
14720
14724
14730
14731
14732
14735
14740
14745
14752
14753
14754
14758
14764
14765
14766
14773
14776
14777
14786
14794
14794
14799
14806
14806
14807
14810
14810
14813
14826
14839
14840
14841
14849
14852
14855
14858
14861
14862
14863
14869
14870
14872
14875
14878
14880
14883
14888
14889
14892
14893
14904
14906
14908
14908
14909
14912
14918
14920
14920
14924
14925
14926
14927
14931
14934
14935
14939
14939
14947
14947
14948
14951
14959
14962
14966
14967
14970
14975
14975
14979
14986
14992
14994
14994
14995
14998
14998
15001
15001
15002
15008
15008
15012
15014
15014
15015
15017
15020
15033
15038
15038
15040
15044
15052
15053
15054
15055
15056
15058
15060
15064
15067
15069
15070
15075
15082
15083
15085
15088
15090
15094
15094
15103
15114
15114
15114
15115
15116
15118
15128
15135
15141
15147
15158
15163
15164
15165
15165
15182
15183
15184
15187
15190
15190
15194
15200
15213
15217
15218
15219
15220
15223
15232
15235
15235
15236
15236
15240
15241
15242
15244
15246
15249
15249
15250
15252
15252
15262
15263
15268
15270
15275
15276
15276
15277
15278
15302
15304
15311
15314
15318
15330
15330
15349
15349
15351
15355
15356
15357
15365
15366
15371
15371
15376
15381
15384
15386
15387
15395
15396
15399
15405
15412
15417
15421
15423
15425
15426
15433
15438
15441
15442
15442
15445
15448
15450
15454
15467
15469
15473
15473
15482
15490
15493
15495
15498
15500
15510
15512
15512
15513
15525
15526
15529
15533
15534
15534
15535
15536
15541
15552
15552
15561
15569
15570
15573
15574
15578
15585
15591
15596
15603
15610
15610
15613
15613
15619
15621
15622
15634
15635
15647
15649
15652
15661
15662
15662
15663
15665
15667
15668
15674
15674
15676
15678
15683
15693
15693
15696
15702
15704
15705
15706
15712
15713
15715
15715
15717
15725
15731
15734
15743
15743
15746
15747
15755
15755
15755
15757
15759
15761
15769
15775
15781
15781
15782
15784
15788
15788
15790
15793
15794
15795
15798
15798
15803
15804
15805
15808
15810
15810
15819
15824
15836
15836
15837
15839
15841
15843
15853
15854
15856
15860
15861
15864
15870
15872
15876
15877
15878
15879
15879
15885
15886
15891
15897
15899
15911
15914
15916
15916
15918
15921
15924
15926
15927
15935
15946
15947
15950
15952
15953
15958
15962
15965
15966
15967
15973
15975
15975
15977
15992
15992
15996
16000
16006
16006
16012
16013
16021
16042
16044
16045
16045
16047
16048
16049
16049
16050
16056
16066
16078
16085
16088
16092
16109
16111
16115
16131
16137
16139
16147
16150
16150
16155
16155
16157
16162
16163
16164
16169
16179
16186
16186
16186
16189
16194
16199
16202
16205
16216
16220
16223
16224
16225
16232
16234
16235
16236
16236
16245
16245
16246
16246
16250
16251
16251
16252
16253
16256
16262
16267
16269
16272
16274
16277
16277
16283
16290
16304
16312
16313
16316
16320
16320
16326
16327
16329
16330
16338
16344
16345
16346
16348
16351
16355
16357
16357
16363
16365
16365
16366
16368
16371
16377
16378
16399
16405
16405
16407
16410
16410
16413
16416
16420
16420
16421
16424
16429
16430
16430
16431
16432
16438
16441
16441
16446
16448
16452
16459
16464
16470
16474
16482
16483
16484
16486
16487
16499
16506
16512
16513
16514
16518
16521
16526
16529
16532
16535
16536
16536
16538
16541
16543
16547
16548
16548
16559
16564
16567
16572
16576
16576
16578
16582
16590
16592
16593
16601
16605
16609
16621
16622
16627
16630
16633
16635
16636
16637
16646
16651
16652
16652
16657
16658
16660
16660
16660
16666
16666
16667
16676
16676
16681
16682
16682
16683
16683
16691
16691
16699
16700
16701
16707
16707
16708
16708
16709
16712
16725
16731
16739
16743
16748
16755
16757
16763
16763
16767
16784
16785
16793
16793
16801
16801
16806
16807
16810
16817
16820
16822
16823
16827
16828
16832
16834
16837
16838
16839
16840
16840
16840
16847
16854
16855
16856
16867
16867
16871
16880
16882
16882
16890
16895
16897
16900
16900
16905
16907
16907
16908
16914
16917
16919
16920
16921
16924
16924
16925
16930
16933
16944
16951
16954
16959
16959
16965
16968
16970
16974
16974
16974
16979
16988
16988
16990
16992
16994
16994
17002
17006
17014
17018
17019
17023
17024
17028
17028
17029
17029
17030
17032
17035
17036
17038
17064
17065
17070
17079
17088
17090
17091
17094
17096
17099
17106
17109
17110
17112
17128
17135
17136
17136
17143
17148
17150
17151
17153
17157
17157
17161
17165
17166
17169
17172
17172
17176
17177
17178
17182
17183
17184
17187
17189
17196
17196
17198
17200
17203
17204
17223
17228
17230
17233
17236
17238
17239
17242
17244
17247
17247
17248
17249
17250
17256
17268
17268
17272
17280
17281
17282
17298
17300
17304
17305
17306
17306
17311
17317
17318
17322
17323
17331
17338
17343
17347
17353
17356
17359
17374
17377
17378
17386
17391
17391
17392
17397
17409
17419
17423
17426
17437
17441
17442
17444
17444
17450
17460
17460
17462
17465
17468
17473
17474
17480
17483
17489
17493
17500
17502
17506
17506
17507
17510
17518
17519
17519
17529
17535
17535
17544
17544
17544
17545
17549
17549
17550
17555
17557
17557
17560
17561
17563
17564
17566
17567
17569
17570
17577
17581
17582
17583
17586
17592
17594
17596
17596
17599
17603
17605
17609
17617
17620
17620
17632
17634
17635
17638
17646
17646
17646
17647
17647
17649
17652
17656
17670
17672
17675
17685
17686
17686
17691
17693
17694
17695
17700
17703
17703
17704
17707
17709
17713
17714
17723
17723
17725
17728
17735
17739
17744
17747
17748
17757
17759
17761
17762
17763
17769
17779
17785
17786
17787
17791
17791
17793
17796
17806
17806
17806
17807
17807
17809
17812
17814
17815
17817
17819
17822
17822
17823
17823
17828
17830
17830
17840
17842
17846
17848
17858
17861
17865
17866
17871
17873
17875
17879
17879
17885
17891
17891
17892
17893
17893
17899
17902
17905
17910
17915
17916
17916
17918
17921
17922
17925
17928
17929
17934
17935
17936
17943
17944
17946
17947
17947
17947
17950
17960
17962
17964
17967
17969
17972
17974
17974
17987
17990
18003
18004
18005
18005
18017
18024
18026
18028
18028
18028
18029
18032
18035
18041
18041
18045
18046
18048
18048
18048
18059
18059
18064
18067
18072
18073
18075
18081
18084
18087
18091
18091
18094
18106
18107
18111
18112
18112
18116
18121
18130
18134
18135
18139
18144
18146
18148
18149
18150
18153
18154
18156
18157
18161
18162
18163
18164
18164
18165
18168
18169
18174
18186
18186
18187
18196
18197
18197
18205
18213
18215
18216
18218
18219
18219
18222
18228
18228
18237
18237
18251
18251
18256
18258
18258
18258
18258
18264
18269
18272
18273
18273
18276
18276
18277
18278
18287
18289
18291
18293
18310
18315
18319
18320
18325
18326
18327
18331
18331
18333
18334
18338
18341
18344
18345
18347
18348
18353
18354
18357
18357
18368
18370
18372
18374
18384
18390
18393
18393
18394
18403
18404
18408
18409
18410
18412
18431
18432
18443
18443
18443
18449
18449
18450
18451
18455
18462
18465
18467
18468
18469
18474
18476
18477
18479
18480
18483
18487
18487
18488
18489
18489
18491
18491
18492
18495
18497
18498
18501
18502
18506
18510
18516
18517
18519
18525
18530
18534
18542
18548
18552
18552
18553
18553
18555
18557
18564
18565
18566
18580
18584
18584
18596
18600
18605
18611
18616
18616
18621
18621
18622
18622
18626
18626
18645
18646
18648
18649
18651
18653
18657
18658
18664
18668
18674
18675
18685
18686
18692
18696
18697
18699
18700
18700
18701
18701
18717
18721
18722
18723
18723
18726
18726
18727
18731
18734
18735
18738
18741
18743
18752
18755
18756
18765
18766
18772
18772
18774
18774
18777
18784
18785
18790
18791
18793
18795
18799
18799
18800
18801
18802
18806
18808
18809
18831
18831
18836
18842
18849
18858
18867
18868
18871
18873
18876
18879
18887
18894
18896
18912
18917
18919
18920
18923
18925
18926
18926
18932
18934
18936
18936
18938
18938
18938
18947
18947
18956
18956
18960
18962
18965
18971
18972
18973
18978
18987
18987
18991
18993
18995
18996
18999
18999
18999
19001
19008
19009
19010
19010
19024
19027
19028
19031
19033
19033
19038
19039
19039
19042
19043
19045
19057
19058
19066
19067
19072
19076
19079
19086
19088
19093
19095
19095
19097
19109
19115
19121
19138
19139
19141
19142
19144
19148
19152
19155
19157
19163
19163
19165
19171
19171
19173
19175
19181
19184
19189
19194
19195
19196
19196
19199
19203
19205
19205
19210
19212
19218
19221
19224
19227
19243
19243
19258
19266
19270
19270
19270
19274
19276
19282
19283
19284
19290
19293
19298
19299
19301
19310
19313
19320
19329
19333
19336
19343
19346
19349
19351
19355
19357
19359
19363
19363
19366
19368
19373
19374
19377
19379
19381
19381
19386
19386
19388
19395
19400
19403
19405
19408
19413
19414
19416
19427
19446
19456
19456
19457
19463
19465
19469
19469
19474
19484
19487
19487
19493
19494
19497
19499
19504
19504
19504
19507
19508
19510
19516
19517
19518
19519
19520
19520
19538
19541
19558
19560
19562
19562
19563
19564
19567
19569
19575
19577
19577
19579
19592
19592
19602
19603
19606
19610
19621
19622
19628
19629
19637
19641
19649
19650
19656
19657
19658
19664
19667
19670
19673
19675
19679
19689
19692
19693
19698
19704
19707
19710
19711
19716
19717
19720
19723
19724
19724
19726
19734
19736
19737
19738
19740
19746
19748
19751
19751
19757
19758
19761
19761
19773
19773
19773
19775
19777
19780
19784
19794
19796
19801
19802
19802
19804
19805
19805
19806
19812
19814
19816
19819
19823
19826
19826
19828
19834
19835
19839
19842
19845
19855
19856
19859
19861
19869
19869
19870
19872
19875
19877
19884
19889
19893
19894
19898
19900
19905
19905
19907
19909
19909
19913
19916
19917
19919
19919
19923
19932
19932
19933
19937
19941
19941
19942
19944
19945
19946
19956
19958
19965
19966
19969
19972
19974
19981
19985
19995
19995
20000
20002
20007
20010
20012
20013
20021
20026
20040
20041
20041
20043
20044
20048
20049
20049
20053
20055
20057
20059
20065
20068
20076
20078
20082
20087
20089
20091
20094
20097
20103
20104
20105
20106
20113
20114
20116
20120
20122
20123
20129
20129
20131
20132
20133
20134
20135
20135
20138
20143
20147
20154
20154
20155
20156
20162
20163
20174
20174
20181
20184
20188
20190
20195
20195
20197
20199
20202
20202
20214
20220
20223
20223
20235
20240
20246
20246
20252
20254
20255
20257
20258
20259
20262
20263
20264
20264
20266
20271
20275
20278
20286
20301
20302
20305
20315
20319
20332
20332
20333
20340
20342
20347
20349
20352
20359
20360
20366
20371
20373
20373
20376
20379
20379
20385
20386
20389
20398
20402
20402
20410
20410
20413
20417
20422
20428
20436
20438
20444
20444
20447
20451
20451
20452
20457
20470
20478
20479
20486
20487
20505
20510
20512
20513
20525
20529
20529
20536
20537
20539
20541
20556
20558
20560
20564
20565
20569
20577
20579
20581
20586
20593
20594
20605
20606
20606
20608
20610
20611
20611
20613
20619
20625
20628
20629
20633
20633
20634
20640
20646
20646
20661
20663
20665
20671
20674
20676
20677
20682
20683
20686
20688
20689
20703
20712
20718
20722
20723
20724
20726
20726
20731
20733
20739
20739
20748
20749
20750
20750
20754
20756
20757
20758
20759
20759
20761
20762
20771
20772
20775
20777
20778
20778
20778
20780
20786
20789
20790
20790
20809
20811
20813
20815
20819
20824
20824
20827
20828
20832
20832
20833
20839
20846
20848
20851
20853
20853
20864
20869
20869
20869
20871
20879
20879
20880
20880
20882
20887
20889
20894
20896
20903
20905
20906
20910
20926
20929
20930
20936
20941
20948
20954
20960
20962
20968
20973
20976
20993
20998
21001
21002
21006
21008
21012
21024
21025
21030
21031
21038
21039
21049
21053
21059
21061
21061
21062
21062
21067
21078
21081
21090
21091
21093
21094
21099
21105
21108
21112
21114
21124
21129
21132
21132
21140
21146
21146
21146
21151
21151
21153
21167
21167
21168
21171
21174
21176
21177
21178
21180
21190
21193
21195
21203
21205
21207
21208
21208
21209
21210
21211
21211
21212
21214
21215
21219
21225
21230
21230
21233
21241
21244
21251
21252
21252
21257
21260
21262
21265
21267
21271
21281
21289
21292
21292
21295
21296
21300
21305
21305
21307
21313
21314
21322
21324
21328
21329
21330
21331
21333
21334
21337
21340
21340
21357
21363
21364
21372
21380
21387
21390
21392
21394
21401
21405
21405
21406
21406
21416
21425
21427
21431
21438
21440
21441
21447
21451
21457
21462
21464
21470
21471
21474
21475
21475
21477
21484
21488
21491
21493
21497
21499
21499
21501
21505
21508
21508
21521
21527
21539
21542
21543
21544
21544
21547
21547
21547
21553
21554
21558
21563
21563
21572
21581
21581
21582
21586
21592
21593
21595
21596
21602
21604
21609
21609
21612
21614
21615
21616
21617
21621
21626
21628
21629
21630
21632
21637
21643
21645
21646
21649
21654
21658
21658
21661
21662
21664
21664
21667
21668
21669
21670
21673
21685
21686
21694
21695
21697
21700
21711
21722
21728
21731
21732
21733
21735
21737
21738
21739
21742
21742
21742
21745
21745
21751
21760
21760
21768
21771
21772
21772
21781
21786
21786
21786
21789
21791
21792
21793
21794
21795
21795
21803
21803
21804
21806
21807
21808
21809
21811
21814
21816
21816
21819
21819
21820
21822
21824
21825
21826
21827
21828
21828
21833
21838
21841
21846
21851
21856
21858
21861
21866
21867
21874
21875
21875
21885
21886
21891
21897
21903
21904
21904
21905
21913
21914
21916
21921
21923
21925
21929
21932
21935
21940
21941
21943
21944
21947
21948
21949
21956
21960
21962
21970
21973
21973
21974
21974
21977
21977
21982
21984
21985
21986
21987
21993
21993
21994
21996
22002
22006
22006
22006
22007
22011
22011
22015
22016
22018
22019
22020
22020
22021
22023
22024
22028
22033
22036
22045
22048
22051
22055
22057
22059
22063
22063
22068
22071
22071
22074
22074
22074
22078
22079
22080
22082
22090
22091
22094
22095
22096
22099
22100
22103
22104
22107
22109
22120
22121
22124
22124
22126
22126
22129
22133
22136
22142
22142
22155
22155
22158
22163
22164
22164
22164
22171
22171
22173
22173
22176
22178
22179
22180
22184
22184
22185
22186
22187
22188
22189
22191
22193
22194
22197
22205
22207
22211
22214
22215
22217
22226
22227
22235
22236
22236
22237
22237
22242
22243
22243
22244
22252
22252
22265
22272
22274
22278
22281
22282
22286
22287
22290
22295
22304
22307
22312
22314
22319
22322
22323
22327
22330
22334
22338
22339
22339
22340
22344
22346
22355
22355
22356
22357
22358
22364
22367
22367
22369
22370
22371
22371
22373
22380
22381
22386
22391
22411
22415
22416
22419
22423
22426
22430
22430
22436
22449
22450
22450
22454
22457
22458
22463
22470
22478
22482
22483
22485
22485
22486
22490
22496
22503
22503
22504
22506
22509
22512
22517
22518
22542
22542
22543
22544
22547
22550
22553
22555
22558
22559
22560
22562
22569
22570
22571
22573
22575
22578
22588
22590
22591
22602
22604
22615
22616
22617
22619
22620
22623
22625
22625
22628
22633
22635
22639
22640
22641
22644
22653
22659
22669
22676
22682
22683
22685
22692
22692
22696
22699
22709
22711
22711
22720
22720
22732
22734
22742
22745
22755
22761
22764
22766
22772
22773
22778
22782
22783
22783
22787
22790
22790
22791
22798
22812
22817
22819
22821
22828
22831
22834
22837
22837
22847
22851
22853
22859
22864
22871
22875
22878
22882
22884
22886
22896
22896
22899
22901
22932
22934
22935
22936
22937
22938
22939
22940
22944
22945
22946
22946
22950
22951
22951
22951
22954
22957
22959
22960
22963
22966
22970
22971
22973
22977
22979
22979
22981
22985
22987
22989
22992
22999
23002
23007
23013
23019
23034
23035
23039
23043
23046
23051
23053
23057
23064
23064
23064
23066
23068
23073
23076
23081
23086
23088
23092
23094
23096
23098
23105
23112
23113
23121
23121
23125
23132
23132
23135
23141
23144
23145
23148
23151
23151
23152
23155
23159
23164
23166
23170
23172
23176
23186
23191
23192
23196
23198
23200
23204
23205
23207
23208
23208
23208
23211
23212
23213
23217
23221
23233
23242
23251
23253
23256
23264
23266
23269
23270
23271
23273
23278
23280
23280
23284
23288
23289
23290
23292
23298
23298
23299
23299
23302
23304
23306
23309
23310
23310
23311
23317
23319
23327
23327
23329
23337
23343
23347
23354
23355
23358
23359
23362
23362
23368
23369
23369
23370
23379
23380
23380
23384
23386
23389
23393
23401
23408
23409
23411
23413
23413
23425
23425
23426
23428
23428
23431
23432
23434
23443
23443
23444
23447
23449
23453
23455
23458
23458
23459
23460
23463
23464
23470
23471
23471
23473
23478
23484
23488
23497
23497
23511
23523
23524
23525
23525
23532
23547
23549
23554
23555
23560
23564
23566
23583
23584
23587
23587
23588
23588
23589
23591
23596
23599
23602
23602
23603
23618
23620
23621
23624
23642
23646
23648
23648
23650
23663
23663
23666
23674
23674
23676
23676
23677
23677
23679
23682
23683
23687
23688
23697
23699
23700
23701
23702
23703
23703
23707
23708
23712
23712
23717
23723
23727
23727
23736
23738
23740
23741
23742
23743
23745
23747
23748
23751
23754
23758
23759
23763
23764
23765
23765
23767
23767
23769
23772
23780
23781
23787
23787
23788
23791
23793
23794
23800
23802
23803
23807
23810
23810
23815
23819
23824
23824
23825
23827
23830
23834
23839
23842
23843
23845
23852
23866
23867
23869
23870
23877
23881
23891
23892
23895
23896
23898
23898
23901
23906
23913
23916
23917
23919
23925
23928
23930
23936
23938
23941
23944
23949
23949
23955
23970
23981
23983
23985
23989
23992
23994
24002
24004
24006
24007
24009
24009
24014
24015
24018
24019
24021
24033
24040
24042
24045
24051
24052
24075
24078
24078
24084
24084
24089
24092
24093
24106
24106
24110
24116
24119
24122
24123
24127
24134
24134
24135
24138
24152
24152
24164
24165
24167
24169
24171
24171
24175
24176
24178
24182
24184
24184
24189
24191
24192
24196
24200
24201
24201
24201
24203
24205
24214
24215
24215
24216
24218
24222
24230
24231
24236
24237
24242
24245
24245
24245
24246
24256
24259
24261
24261
24261
24271
24274
24275
24277
24278
24279
24282
24286
24289
24291
24291
24295
24304
24304
24309
24312
24314
24314
24314
24324
24325
24330
24331
24332
24337
24338
24340
24344
24349
24362
24363
24366
24372
24378
24382
24385
24387
24387
24388
24391
24392
24395
24395
24401
24407
24409
24415
24426
24429
24430
24431
24434
24438
24439
24439
24440
24442
24445
24446
24448
24451
24457
24457
24460
24461
24466
24471
24473
24474
24475
24478
24482
24482
24483
24485
24490
24494
24498
24499
24500
24503
24507
24512
24515
24516
24520
24521
24532
24536
24539
24541
24542
24546
24547
24562
24568
24569
24570
24572
24576
24577
24578
24584
24585
24586
24587
24588
24589
24591
24592
24594
24594
24597
24602
24602
24613
24615
24629
24642
24643
24645
24647
24650
24652
24656
24656
24657
24658
24672
24674
24677
24678
24679
24681
24682
24682
24691
24695
24696
24697
24699
24705
24709
24712
24712
24714
24722
24722
24724
24726
24726
24731
24734
24735
24736
24736
24739
24739
24740
24744
24747
24756
24758
24759
24759
24763
24766
24770
24773
24777
24779
24780
24783
24783
24787
24795
24800
24801
24802
24805
24806
24812
24813
24816
24816
24821
24824
24826
24828
24830
24830
24833
24834
24836
24840
24841
24843
24845
24845
24848
24849
24849
24855
24859
24864
24871
24877
24893
24894
24896
24897
24900
24900
24905
24906
24909
24910
24914
24919
24930
24932
24933
24933
24936
24938
24938
24946
24949
24950
24951
24952
24953
24953
24953
24959
24964
24965
24965
24972
24973
24975
24980
24981
24989
24993
25001
25003
25007
25009
25016
25017
25021
25029
25029
25031
25032
25037
25047
25051
25051
25052
25055
25059
25063
25066
25069
25073
25074
25074
25075
25077
25079
25084
25085
25086
25086
25099
25101
25109
25117
25123
25126
25126
25132
25133
25139
25141
25141
25147
25148
25156
25156
25157
25161
25161
25164
25165
25166
25170
25172
25173
25174
25175
25176
25181
25183
25192
25193
25198
25199
25200
25202
25217
25227
25228
25228
25229
25230
25231
25232
25235
25237
25244
25250
25257
25262
25271
25275
25280
25281
25282
25288
25289
25290
25293
25293
25293
25294
25297
25297
25298
25298
25299
25299
25302
25302
25304
25304
25305
25306
25309
25315
25318
25320
25323
25323
25327
25332
25333
25333
25335
25345
25348
25349
25352
25353
25357
25357
25357
25358
25365
25369
25369
25373
25377
25378
25382
25382
25382
25383
25386
25387
25398
25398
25400
25403
25403
25407
25409
25418
25423
25424
25430
25432
25434
25438
25438
25438
25447
25450
25455
25460
25460
25463
25470
25471
25474
25477
25482
25489
25501
25502
25503
25506
25506
25506
25507
25510
25516
25522
25522
25522
25525
25525
25527
25537
25537
25548
25549
25550
25551
25552
25553
25561
25562
25562
25566
25573
25582
25583
25585
25595
25603
25606
25606
25607
25614
25616
25616
25618
25619
25620
25622
25625
25625
25628
25634
25636
25636
25639
25640
25645
25647
25648
25648
25651
25652
25655
25656
25657
25659
25662
25662
25667
25679
25681
25681
25684
25684
25699
25703
25707
25714
25724
25726
25729
25733
25737
25738
25739
25742
25744
25748
25751
25751
25755
25755
25756
25756
25756
25760
25760
25761
25768
25768
25769
25771
25773
25777
25782
25782
25784
25787
25788
25788
25789
25789
25790
25791
25791
25795
25798
25803
25806
25808
25811
25812
25812
25815
25817
25818
25820
25820
25827
25831
25831
25834
25839
25839
25842
25845
25847
25849
25856
25856
25859
25860
25860
25865
25867
25869
25874
25879
25881
25882
25882
25885
25886
25888
25895
25897
25898
25900
25904
25908
25909
25909
25909
25912
25914
25914
25919
25924
25928
25945
25946
25952
25953
25958
25961
25963
25964
25969
25970
25972
25975
25977
25981
25981
25988
25988
25992
25997
26003
26009
26010
26015
26015
26016
26021
26023
26024
26024
26027
26027
26031
26036
26040
26041
26044
26045
26046
26046
26057
26060
26060
26061
26062
26064
26066
26068
26068
26068
26069
26069
26070
26072
26072
26074
26077
26089
26089
26093
26097
26098
26104
26105
26114
26117
26125
26127
26134
26135
26137
26137
26143
26143
26144
26159
26160
26176
26177
26182
26183
26184
26187
26188
26199
26200
26206
26210
26211
26211
26214
26215
26216
26219
26219
26220
26220
26221
26227
26239
26250
26252
26256
26257
26264
26265
26268
26274
26283
26285
26288
26290
26290
26291
26295
26298
26298
26300
26301
26302
26311
26314
26314
26316
26320
26327
26333
26335
26336
26340
26347
26352
26356
26357
26357
26360
26360
26360
26368
26379
26381
26384
26388
26391
26393
26394
26394
26395
26400
26401
26405
26406
26408
26410
26415
26416
26423
26431
26437
26439
26440
26446
26450
26455
26458
26462
26466
26466
26474
26476
26478
26479
26479
26481
26482
26489
26490
26507
26509
26522
26522
26524
26532
26538
26540
26543
26544
26552
26556
26560
26561
26561
26562
26567
26573
26578
26578
26580
26580
26582
26584
26586
26591
26591
26591
26593
26595
26599
26604
26605
26607
26609
26610
26611
26617
26630
26630
26634
26635
26639
26644
26646
26647
26649
26650
26651
26656
26656
26659
26661
26663
26667
26671
26671
26674
26678
26678
26685
26686
26693
26699
26705
26706
26707
26708
26710
26716
26719
26719
26723
26725
26730
26730
26731
26746
26753
26757
26759
26762
26763
26763
26767
26767
26769
26772
26777
26782
26782
26786
26786
26786
26791
26794
26809
26816
26819
26819
26822
26823
26829
26831
26833
26842
26843
26843
26844
26844
26845
26862
26865
26869
26870
26871
26874
26884
26889
26891
26896
26896
26896
26898
26904
26906
26911
26912
26913
26914
26914
26915
26918
26920
26926
26927
26933
26936
26950
26953
26972
26976
26978
26978
26983
26983
26985
26987
26987
26991
26991
26995
27001
27004
27021
27025
27030
27032
27035
27036
27037
27042
27043
27047
27051
27057
27060
27062
27079
27080
27080
27095
27096
27100
27105
27106
27108
27111
27118
27125
27131
27138
27141
27143
27148
27150
27153
27153
27157
27161
27161
27165
27168
27171
27175
27184
27191
27195
27206
27206
27206
27207
27209
27209
27209
27209
27212
27222
27230
27231
27241
27247
27248
27249
27251
27251
27251
27252
27255
27256
27260
27262
27266
27271
27280
27292
27294
27297
27298
27303
27306
27308
27320
27321
27321
27326
27327
27332
27332
27335
27337
27343
27346
27352
27352
27371
27380
27382
27383
27384
27386
27388
27391
27391
27391
27393
27396
27403
27403
27404
27405
27410
27411
27414
27414
27416
27417
27418
27425
27430
27431
27432
27434
27437
27442
27448
27450
27451
27452
27455
27460
27464
27466
27468
27468
27473
27477
27478
27478
27478
27483
27483
27485
27488
27493
27494
27496
27498
27498
27506
27510
27511
27513
27514
27517
27518
27523
27526
27529
27531
27531
27534
27540
27552
27553
27563
27579
27580
27581
27586
27587
27589
27591
27592
27594
27597
27598
27608
27613
27617
27626
27628
27629
27630
27631
27637
27641
27647
27647
27650
27651
27651
27655
27659
27664
27666
27668
27670
27672
27672
27674
27677
27683
27684
27688
27691
27693
27694
27701
27708
27708
27713
27714
27716
27719
27720
27725
27726
27727
27735
27738
27743
27744
27753
27753
27753
27761
27764
27765
27765
27771
27771
27774
27777
27780
27781
27783
27785
27794
27795
27797
27798
27804
27805
27810
27811
27812
27816
27817
27817
27825
27826
27832
27833
27835
27837
27840
27841
27844
27845
27848
27852
27854
27857
27858
27860
27864
27868
27870
27871
27873
27873
27879
27880
27882
27883
27883
27883
27884
27885
27886
27886
27887
27889
27894
27907
27910
27913
27919
27920
27920
27928
27928
27928
27932
27949
27955
27961
27963
27965
27965
27967
27969
27969
27972
27973
27974
27974
27977
27990
27993
27998
28002
28006
28008
28009
28011
28012
28018
28018
28020
28020
28021
28022
28025
28026
28029
28037
28044
28046
28048
28053
28056
28059
28061
28066
28067
28072
28076
28080
28083
28084
28089
28089
28092
28092
28094
28096
28098
28110
28117
28118
28123
28140
28142
28144
28145
28148
28151
28152
28154
28156
28161
28164
28168
28168
28171
28171
28171
28175
28175
28178
28179
28180
28183
28183
28186
28186
28189
28193
28194
28194
28195
28195
28197
28197
28197
28198
28201
28201
28202
28205
28205
28208
28210
28211
28211
28212
28213
28215
28218
28222
28223
28230
28239
28240
28242
28242
28245
28247
28248
28248
28248
28256
28262
28262
28263
28266
28273
28274
28290
28292
28298
28304
28305
28317
28323
28334
28337
28340
28342
28347
28348
28352
28353
28354
28355
28357
28359
28360
28362
28363
28364
28365
28370
28373
28374
28375
28376
28376
28377
28380
28381
28381
28389
28395
28396
28402
28406
28407
28411
28413
28413
28414
28420
28425
28426
28427
28428
28437
28440
28444
28445
28448
28451
28453
28457
28463
28464
28465
28471
28474
28477
28487
28493
28499
28499
28499
28500
28502
28506
28508
28510
28512
28513
28516
28531
28532
28535
28538
28544
28547
28547
28559
28570
28570
28579
28579
28589
28591
28592
28597
28602
28604
28604
28605
28617
28618
28620
28624
28626
28626
28626
28626
28634
28635
28637
28641
28652
28653
28657
28658
28660
28663
28667
28670
28673
28674
28676
28677
28679
28687
28687
28696
28700
28704
28706
28710
28715
28716
28736
28736
28736
28738
28741
28746
28753
28756
28756
28762
28762
28765
28765
28767
28767
28771
28773
28778
28779
28784
28785
28789
28790
28794
28798
28806
28807
28812
28813
28816
28819
28819
28820
28823
28832
28843
28845
28851
28852
28862
28868
28872
28877
28885
28888
28894
28896
28901
28903
28905
28905
28908
28915
28918
28919
28925
28925
28929
28940
28942
28943
28951
28951
28953
28957
28959
28967
28970
28973
28975
28977
28982
28985
28986
28989
28990
28999
29001
29003
29003
29005
29007
29008
29010
29011
29016
29020
29020
29022
29024
29031
29035
29038
29039
29039
29051
29053
29053
29054
29055
29056
29058
29059
29062
29067
29069
29071
29074
29076
29080
29080
29083
29085
29087
29093
29096
29097
29107
29107
29112
29113
29114
29118
29126
29129
29132
29133
29138
29139
29142
29143
29146
29149
29153
29153
29157
29157
29160
29162
29164
29178
29185
29186
29188
29190
29191
29195
29197
29197
29199
29203
29207
29208
29216
29216
29221
29223
29228
29231
29233
29241
29247
29248
29253
29253
29254
29260
29261
29266
29267
29274
29279
29280
29286
29295
29297
29306
29307
29307
29308
29311
29312
29325
29325
29333
29335
29335
29345
29348
29350
29350
29351
29352
29353
29365
29365
29365
29366
29367
29372
29373
29374
29376
29395
29403
29404
29409
29411
29413
29414
29415
29415
29416
29416
29417
29422
29425
29427
29427
29430
29434
29444
29445
29445
29448
29450
29456
29458
29460
29466
29467
29467
29467
29473
29474
29478
29484
29490
29491
29502
29505
29527
29529
29533
29541
29544
29546
29549
29551
29553
29554
29559
29563
29574
29578
29584
29585
29588
29591
29595
29595
29595
29600
29617
29623
29632
29644
29648
29651
29654
29654
29654
29656
29661
29669
29670
29670
29672
29675
29685
29686
29690
29701
29708
29708
29709
29714
29726
29729
29734
29737
29741
29746
29746
29748
29756
29759
29761
29766
29773
29775
29784
29797
29800
29804
29806
29808
29811
29813
29818
29818
29819
29827
29833
29833
29836
29839
29841
29846
29858
29861
29863
29866
29869
29872
29875
29888
29888
29893
29895
29906
29907
29914
29922
29923
29927
29932
29939
29943
29949
29950
29952
29957
29959
29962
29964
29966
29968
29969
29972
29978
29978
29979
29986
29992
29997
30000
30002
30005
30006
30013
30018
30019
30020
30023
30023
30026
30026
30026
30027
30031
30031
30036
30044
30044
30045
30049
30052
30054
30055
30059
30060
30061
30062
30064
30065
30084
30089
30090
30092
30095
30099
30104
30109
30113
30116
30122
30125
30129
30133
30134
30136
30139
30142
30150
30153
30154
30156
30161
30169
30169
30172
30182
30186
30189
30190
30191
30193
30194
30196
30196
30200
30203
30211
30212
30213
30216
30217
30218
30218
30230
30233
30235
30237
30238
30243
30245
30247
30255
30256
30261
30261
30263
30263
30264
30268
30274
30275
30278
30283
30283
30284
30291
30295
30312
30322
30323
30327
30335
30336
30343
30347
30348
30352
30353
30353
30354
30364
30368
30370
30372
30374
30375
30376
30377
30379
30385
30392
30392
30393
30398
30401
30402
30402
30404
30404
30407
30422
30425
30426
30428
30431
30435
30435
30449
30455
30455
30456
30457
30459
30461
30462
30464
30466
30467
30475
30476
30482
30483
30496
30498
30502
30502
30503
30505
30508
30510
30511
30515
30515
30531
30538
30538
30550
30557
30557
30558
30569
30571
30572
30572
30572
30572
30574
30577
30579
30581
30585
30585
30586
30592
30595
30598
30599
30617
30622
30625
30628
30629
30630
30635
30641
30643
30654
30657
30661
30663
30665
30670
30672
30673
30675
30675
30680
30681
30684
30686
30688
30690
30690
30693
30693
30694
30695
30707
30716
30722
30723
30723
30726
30728
30729
30730
30731
30732
30732
30733
30735
30737
30738
30740
30746
30750
30753
30757
30769
30769
30772
30773
30775
30784
30790
30792
30793
30794
30802
30803
30803
30808
30808
30822
30822
30824
30843
30844
30847
30850
30851
30853
30857
30862
30864
30873
30877
30882
30885
30891
30892
30896
30898
30917
30922
30926
30932
30932
30935
30935
30942
30949
30959
30961
30964
30966
30967
30973
30978
30983
30984
30986
30989
30996
31003
31004
31007
31010
31012
31019
31023
31027
31030
31032
31038
31039
31040
31042
31042
31043
31044
31048
31053
31053
31055
31057
31060
31060
31065
31066
31068
31073
31075
31084
31086
31088
31089
31090
31090
31092
31093
31097
31098
31101
31103
31105
31117
31119
31120
31120
31127
31135
31137
31138
31145
31147
31153
31155
31159
31162
31163
31166
31170
31170
31170
31171
31171
31174
31174
31175
31177
31178
31180
31188
31191
31191
31200
31201
31205
31218
31219
31224
31230
31235
31242
31242
31242
31243
31247
31248
31250
31251
31252
31253
31256
31260
31261
31262
31263
31266
31268
31270
31271
31272
31284
31289
31292
31293
31299
31299
31300
31300
31304
31305
31306
31310
31312
31316
31316
31320
31325
31328
31333
31337
31343
31349
31352
31352
31370
31370
31373
31377
31378
31378
31381
31384
31385
31387
31389
31392
31395
31397
31399
31399
31402
31415
31415
31417
31425
31425
31427
31432
31432
31434
31438
31441
31442
31451
31452
31454
31458
31460
31462
31462
31467
31470
31475
31478
31480
31485
31488
31488
31491
31492
31493
31494
31497
31500
31503
31504
31505
31513
31515
31518
31519
31520
31524
31531
31537
31538
31539
31539
31539
31542
31543
31547
31548
31550
31551
31551
31553
31555
31556
31571
31572
31580
31581
31583
31584
31586
31592
31593
31595
31598
31604
31607
31623
31624
31632
31637
31638
31640
31640
31651
31659
31660
31669
31669
31673
31679
31685
31689
31696
31697
31700
31700
31710
31710
31711
31716
31718
31721
31722
31728
31730
31732
31734
31734
31743
31748
31749
31749
31757
31758
31763
31766
31771
31773
31781
31781
31783
31784
31784
31786
31787
31788
31789
31789
31790
31790
31795
31795
31797
31800
31802
31805
31812
31817
31818
31820
31822
31822
31826
31829
31838
31840
31841
31842
31842
31842
31844
31846
31847
31848
31849
31850
31858
31859
31860
31862
31862
31863
31868
31873
31874
31874
31876
31888
31895
31896
31897
31900
31905
31905
31917
31921
31922
31929
31929
31952
31952
31954
31956
31958
31963
31965
31966
31966
31969
31971
31972
31973
31976
31978
31982
31982
31984
31984
31998
32000
32002
32007
32010
32013
32013
32014
32017
32020
32023
32025
32027
32028
32030
32030
32031
32034
32037
32051
32052
32052
32054
32054
32056
32056
32057
32058
32059
32064
32065
32066
32067
32069
32070
32070
32075
32076
32079
32082
32085
32086
32086
32089
32091
32092
32094
32095
32096
32098
32101
32106
32113
32114
32115
32118
32120
32126
32128
32129
32138
32138
32145
32146
32147
32148
32148
32154
32154
32160
32166
32171
32172
32172
32173
32174
32179
32180
32182
32182
32185
32186
32187
32188
32192
32193
32197
32199
32201
32210
32211
32212
32213
32217
32219
32220
32220
32221
32230
32238
32240
32241
32244
32245
32247
32249
32251
32252
32253
32254
32255
32257
32258
32260
32263
32263
32295
32297
32300
32301
32307
32307
32309
32314
32319
32319
32323
32328
32331
32331
32345
32347
32350
32360
32360
32360
32367
32367
32379
32381
32389
32397
32400
32402
32404
32408
32409
32411
32414
32417
32418
32419
32423
32423
32426
32427
32427
32430
32435
32436
32436
32437
32438
32445
32445
32446
32450
32456
32457
32459
32460
32460
32464
32466
32466
32467
32473
32478
32487
32488
32490
32495
32499
32501
32509
32512
32513
32516
32520
32528
32530
32531
32532
32536
32546
32548
32550
32551
32552
32553
32558
32566
32573
32581
32582
32582
32588
32592
32597
32597
32599
32609
32609
32613
32618
32621
32621
32621
32626
32631
32631
32633
32640
32643
32645
32648
32648
32651
32653
32658
32658
32665
32669
32672
32678
32679
32680
32692
32697
32699
32699
32703
32703
32706
32708
32712
32714
32723
32724
32732
32734
32739
32747
32749
32749
32750
32761
32762
32762
32764
32764
